2020-08-08 16:57:25 INFO  Driver:51 - Browser :: chrome
2020-08-08 16:57:37 INFO  Driver:51 - Browser :: chrome
2020-08-08 16:57:46 INFO  Driver:51 - Browser :: chrome
2020-08-08 16:57:57 INFO  Driver:51 - Browser :: chrome
2020-08-08 16:58:04 INFO  Driver:51 - Browser :: chrome
2020-08-08 16:58:11 INFO  Driver:51 - Browser :: chrome
2020-08-08 16:58:19 INFO  Driver:51 - Browser :: chrome
2020-08-08 16:58:26 INFO  Driver:51 - Browser :: chrome
2020-08-08 17:19:36 INFO  Driver:51 - Browser :: chrome
2020-08-08 17:19:45 INFO  Login_Page:46 - Login with null username and UserUser password
2020-08-08 17:19:54 INFO  Driver:51 - Browser :: chrome
2020-08-08 17:20:04 INFO  Login_Page:46 - Login with null username and UserUser password
2020-08-08 17:20:14 INFO  Driver:51 - Browser :: chrome
2020-08-08 17:20:23 INFO  Login_Page:46 - Login with null username and UserUser password
2020-08-08 17:20:45 INFO  Driver:51 - Browser :: chrome
2020-08-08 17:20:54 INFO  Login_Page:46 - Login with null username and UserUser password
2020-08-08 17:21:05 INFO  Driver:51 - Browser :: chrome
2020-08-08 17:21:14 INFO  Login_Page:46 - Login with null username and UserUser password
2020-08-08 17:21:25 INFO  Driver:51 - Browser :: chrome
2020-08-08 17:21:34 INFO  Login_Page:46 - Login with null username and UserUser password
2020-08-08 17:21:44 INFO  Driver:51 - Browser :: chrome
2020-08-08 17:21:54 INFO  Login_Page:46 - Login with null username and UserUser password
2020-08-08 17:22:06 INFO  Driver:51 - Browser :: chrome
2020-08-08 17:22:14 INFO  Login_Page:46 - Login with null username and UserUser password
2020-08-08 17:22:27 INFO  Driver:51 - Browser :: chrome
2020-08-08 17:22:36 INFO  Login_Page:46 - Login with null username and UserUser password
2020-08-08 17:22:42 INFO  Driver:51 - Browser :: chrome
2020-08-08 17:22:50 INFO  Login_Page:46 - Login with null username and UserUser password
2020-08-08 17:23:02 INFO  Driver:51 - Browser :: chrome
2020-08-08 17:23:12 INFO  Driver:51 - Browser :: chrome
2020-08-08 17:23:21 INFO  Driver:51 - Browser :: chrome
2020-08-08 17:23:30 INFO  Driver:51 - Browser :: chrome
2020-08-08 17:23:37 INFO  Driver:51 - Browser :: chrome
2020-08-08 17:23:45 INFO  Driver:51 - Browser :: chrome
2020-08-08 17:23:52 INFO  Driver:51 - Browser :: chrome
2020-08-08 17:23:59 INFO  Driver:51 - Browser :: chrome
2020-08-08 17:26:12 INFO  Driver:51 - Browser :: chrome
2020-08-08 17:26:21 INFO  Login_Page:46 - Login with null username and UserUser password
2020-08-08 18:21:47 INFO  Driver:51 - Browser :: chrome
2020-08-08 18:21:58 INFO  Login_Page:46 - Login with null username and UserUser password
2020-08-08 18:22:07 INFO  Driver:51 - Browser :: chrome
2020-08-08 18:22:16 INFO  Login_Page:46 - Login with null username and UserUser password
2020-08-08 18:22:26 INFO  Driver:51 - Browser :: chrome
2020-08-08 18:22:34 INFO  Login_Page:46 - Login with null username and UserUser password
2020-08-08 18:22:56 INFO  Driver:51 - Browser :: chrome
2020-08-08 18:23:04 INFO  Login_Page:46 - Login with null username and UserUser password
2020-08-08 18:23:15 INFO  Driver:51 - Browser :: chrome
2020-08-08 18:23:23 INFO  Login_Page:46 - Login with null username and UserUser password
2020-08-08 18:23:34 INFO  Driver:51 - Browser :: chrome
2020-08-08 18:23:43 INFO  Login_Page:46 - Login with null username and UserUser password
2020-08-08 18:23:53 INFO  Driver:51 - Browser :: chrome
2020-08-08 18:24:02 INFO  Login_Page:46 - Login with null username and UserUser password
2020-08-08 18:24:13 INFO  Driver:51 - Browser :: chrome
2020-08-08 18:24:21 INFO  Login_Page:46 - Login with null username and UserUser password
2020-08-08 18:24:35 INFO  Driver:51 - Browser :: chrome
2020-08-08 18:24:43 INFO  Login_Page:46 - Login with null username and UserUser password
2020-08-08 18:24:54 INFO  Driver:51 - Browser :: chrome
2020-08-08 18:25:03 INFO  Login_Page:46 - Login with null username and UserUser password
2020-08-08 18:25:16 INFO  Driver:51 - Browser :: chrome
2020-08-08 18:25:26 INFO  Driver:51 - Browser :: chrome
2020-08-08 18:25:36 INFO  Driver:51 - Browser :: chrome
2020-08-08 18:25:45 INFO  Driver:51 - Browser :: chrome
2020-08-08 18:25:52 INFO  Driver:51 - Browser :: chrome
2020-08-08 18:26:00 INFO  Driver:51 - Browser :: chrome
2020-08-08 18:26:07 INFO  Driver:51 - Browser :: chrome
2020-08-08 18:26:15 INFO  Driver:51 - Browser :: chrome
2020-08-12 11:55:14 INFO  Driver:51 - Browser :: chrome
2020-08-12 11:55:28 INFO  Login_Page:46 - Login with null username and UserUser password
2020-08-12 11:55:39 INFO  Driver:51 - Browser :: chrome
2020-08-12 11:55:48 INFO  Login_Page:46 - Login with null username and UserUser password
2020-08-12 11:56:00 INFO  Driver:51 - Browser :: chrome
2020-08-12 11:56:10 INFO  Login_Page:46 - Login with null username and UserUser password
2020-08-12 11:56:33 INFO  Driver:51 - Browser :: chrome
2020-08-12 11:56:44 INFO  Login_Page:46 - Login with null username and UserUser password
2020-08-12 11:58:10 INFO  Driver:51 - Browser :: chromeheadless
2020-08-12 11:58:23 INFO  Login_Page:46 - Login with null username and UserUser password
2020-08-12 11:58:33 INFO  Driver:51 - Browser :: chromeheadless
2020-08-12 11:58:43 INFO  Login_Page:46 - Login with null username and UserUser password
2020-08-12 11:58:48 INFO  Driver:51 - Browser :: chromeheadless
2020-08-12 11:58:58 INFO  Login_Page:46 - Login with null username and UserUser password
2020-08-12 11:59:20 INFO  Driver:51 - Browser :: chromeheadless
2020-08-12 11:59:29 INFO  Login_Page:46 - Login with null username and UserUser password
2020-08-12 11:59:40 INFO  Driver:51 - Browser :: chromeheadless
2020-08-12 11:59:49 INFO  Login_Page:46 - Login with null username and UserUser password
2020-08-12 11:59:59 INFO  Driver:51 - Browser :: chromeheadless
2020-08-12 12:00:09 INFO  Login_Page:46 - Login with null username and UserUser password
2020-08-12 12:00:19 INFO  Driver:51 - Browser :: chromeheadless
2020-08-12 12:00:29 INFO  Login_Page:46 - Login with null username and UserUser password
2020-08-12 12:00:41 INFO  Driver:51 - Browser :: chromeheadless
2020-08-12 12:00:51 INFO  Login_Page:46 - Login with null username and UserUser password
2020-08-12 12:01:04 INFO  Driver:51 - Browser :: chromeheadless
2020-08-12 12:01:13 INFO  Login_Page:46 - Login with null username and UserUser password
2020-08-12 12:01:25 INFO  Driver:51 - Browser :: chromeheadless
2020-08-12 12:01:35 INFO  Login_Page:46 - Login with null username and UserUser password
2020-08-12 12:01:48 INFO  Driver:51 - Browser :: chromeheadless
2020-08-12 12:02:00 INFO  Driver:51 - Browser :: chromeheadless
2020-08-12 12:02:11 INFO  Driver:51 - Browser :: chromeheadless
2020-08-12 12:02:22 INFO  Driver:51 - Browser :: chromeheadless
2020-08-12 12:02:29 INFO  Driver:51 - Browser :: chromeheadless
2020-08-12 12:02:37 INFO  Driver:51 - Browser :: chromeheadless
2020-08-12 12:02:45 INFO  Driver:51 - Browser :: chromeheadless
2020-08-12 12:02:53 INFO  Driver:51 - Browser :: chromeheadless
2020-08-12 12:07:06 INFO  Driver:51 - Browser :: chromeheadless
2020-08-12 12:07:18 INFO  Driver:51 - Browser :: chromeheadless
2020-08-12 12:07:29 INFO  Driver:51 - Browser :: chromeheadless
2020-08-12 12:07:39 INFO  Driver:51 - Browser :: chromeheadless
2020-08-12 12:07:47 INFO  Driver:51 - Browser :: chromeheadless
2020-08-12 12:07:55 INFO  Driver:51 - Browser :: chromeheadless
2020-08-12 12:08:02 INFO  Driver:51 - Browser :: chromeheadless
2020-08-12 12:08:10 INFO  Driver:51 - Browser :: chromeheadless
2020-08-12 18:05:36 INFO  Driver:51 - Browser :: remote-chrome
2020-08-12 18:05:50 INFO  Driver:51 - Browser :: remote-chrome
2020-08-12 18:06:03 INFO  Driver:51 - Browser :: remote-chrome
2020-08-12 18:06:19 INFO  Driver:51 - Browser :: remote-chrome
2020-08-12 18:06:32 INFO  Driver:51 - Browser :: remote-chrome
2020-08-12 18:06:42 INFO  Driver:51 - Browser :: remote-chrome
2020-08-12 18:06:52 INFO  Driver:51 - Browser :: remote-chrome
2020-08-12 18:07:04 INFO  Driver:51 - Browser :: remote-chrome
2020-08-12 18:09:40 INFO  Driver:51 - Browser :: remote-chrome
2020-08-12 18:09:55 INFO  Login_Page:46 - Login with null username and UserUser password
2020-08-12 18:10:11 INFO  Driver:51 - Browser :: remote-chrome
2020-08-12 18:10:25 INFO  Login_Page:46 - Login with null username and UserUser password
2020-08-12 18:10:42 INFO  Driver:51 - Browser :: remote-chrome
2020-08-12 18:10:58 INFO  Login_Page:46 - Login with null username and UserUser password
2020-08-12 18:11:06 INFO  Driver:51 - Browser :: remote-chrome
2020-08-12 18:11:19 INFO  Login_Page:46 - Login with null username and UserUser password
2020-08-12 18:11:38 INFO  Driver:51 - Browser :: remote-chrome
2020-08-12 18:11:52 INFO  Login_Page:46 - Login with null username and UserUser password
2020-08-12 18:12:13 INFO  Driver:51 - Browser :: remote-chrome
2020-08-12 18:12:25 INFO  Login_Page:46 - Login with null username and UserUser password
2020-08-12 18:12:46 INFO  Driver:51 - Browser :: remote-chrome
2020-08-12 18:12:59 INFO  Login_Page:46 - Login with null username and UserUser password
2020-08-12 18:13:21 INFO  Driver:51 - Browser :: remote-chrome
2020-08-12 18:13:35 INFO  Login_Page:46 - Login with null username and UserUser password
2020-08-12 18:13:56 INFO  Driver:51 - Browser :: remote-chrome
2020-08-12 18:14:09 INFO  Login_Page:46 - Login with null username and UserUser password
2020-08-12 18:14:32 INFO  Driver:51 - Browser :: remote-chrome
2020-08-12 18:14:45 INFO  Login_Page:46 - Login with null username and UserUser password
2020-08-12 18:15:06 INFO  Driver:51 - Browser :: remote-chrome
2020-08-12 18:15:19 INFO  Driver:51 - Browser :: remote-chrome
2020-08-12 18:15:34 INFO  Driver:51 - Browser :: remote-chrome
2020-08-12 18:15:50 INFO  Driver:51 - Browser :: remote-chrome
2020-08-12 18:16:00 INFO  Driver:51 - Browser :: remote-chrome
2020-08-12 18:16:11 INFO  Driver:51 - Browser :: remote-chrome
2020-08-12 18:16:23 INFO  Driver:51 - Browser :: remote-chrome
2020-08-12 18:16:33 INFO  Driver:51 - Browser :: remote-chrome
2020-08-12 18:24:20 INFO  Driver:51 - Browser :: remote-chrome
2020-08-12 18:24:33 INFO  Login_Page:46 - Login with null username and UserUser password
2020-08-12 18:26:05 INFO  Driver:51 - Browser :: chrome
2020-08-12 18:26:18 INFO  Login_Page:46 - Login with null username and UserUser password
2020-08-12 18:26:29 INFO  Driver:51 - Browser :: chrome
2020-08-12 18:26:39 INFO  Login_Page:46 - Login with null username and UserUser password
2020-08-12 18:26:50 INFO  Driver:51 - Browser :: chrome
2020-08-12 18:27:00 INFO  Login_Page:46 - Login with null username and UserUser password
2020-08-12 18:27:21 INFO  Driver:51 - Browser :: chrome
2020-08-12 18:27:32 INFO  Login_Page:46 - Login with null username and UserUser password
2020-08-12 18:27:43 INFO  Driver:51 - Browser :: chrome
2020-08-12 18:28:12 INFO  Driver:51 - Browser :: remote-chrome
2020-08-12 18:28:24 INFO  Login_Page:46 - Login with null username and UserUser password
2020-08-12 18:28:49 INFO  Driver:51 - Browser :: remote-chrome
2020-08-12 18:29:01 INFO  Login_Page:46 - Login with null username and UserUser password
2020-08-12 18:29:19 INFO  Driver:51 - Browser :: remote-chrome
2020-08-12 18:29:37 INFO  Login_Page:46 - Login with null username and UserUser password
2020-08-12 18:29:50 INFO  Driver:51 - Browser :: remote-chrome
2020-08-12 18:30:03 INFO  Login_Page:46 - Login with null username and UserUser password
2020-08-12 18:30:23 INFO  Driver:51 - Browser :: remote-chrome
2020-08-12 18:30:38 INFO  Login_Page:46 - Login with null username and UserUser password
2020-08-12 18:30:56 INFO  Driver:51 - Browser :: remote-chrome
2020-08-12 18:31:09 INFO  Login_Page:46 - Login with null username and UserUser password
2020-08-12 18:31:29 INFO  Driver:51 - Browser :: remote-chrome
2020-08-12 18:31:42 INFO  Login_Page:46 - Login with null username and UserUser password
2020-08-12 18:32:03 INFO  Driver:51 - Browser :: remote-chrome
2020-08-12 18:32:15 INFO  Login_Page:46 - Login with null username and UserUser password
2020-08-12 18:32:37 INFO  Driver:51 - Browser :: remote-chrome
2020-08-12 18:32:51 INFO  Login_Page:46 - Login with null username and UserUser password
2020-08-12 18:33:11 INFO  Driver:51 - Browser :: remote-chrome
2020-08-12 18:34:07 INFO  Driver:51 - Browser :: remote-chrome
2020-08-12 18:34:27 INFO  Driver:51 - Browser :: remote-chrome
2020-08-12 18:34:39 INFO  Login_Page:46 - Login with null username and UserUser password
2020-08-12 18:35:09 INFO  Driver:51 - Browser :: remote-chrome
2020-08-12 18:35:27 INFO  Login_Page:46 - Login with null username and UserUser password
2020-08-12 18:36:10 INFO  Driver:51 - Browser :: remote-chrome
2020-08-12 18:36:26 INFO  Login_Page:46 - Login with null username and UserUser password
2020-08-12 18:37:25 INFO  Driver:51 - Browser :: chrome
2020-08-12 18:37:36 INFO  Login_Page:46 - Login with null username and UserUser password
2020-08-12 18:40:59 INFO  Driver:51 - Browser :: remote-chrome
2020-08-12 18:41:13 INFO  Login_Page:46 - Login with null username and UserUser password
2020-08-12 18:49:52 INFO  Driver:51 - Browser :: remote-chrome
2020-08-12 18:50:05 INFO  Login_Page:46 - Login with null username and UserUser password
2020-08-12 19:02:50 INFO  Driver:51 - Browser :: chrome
2020-08-12 19:03:00 INFO  Login_Page:46 - Login with null username and UserUser password
2020-08-15 07:05:14 INFO  Driver:51 - Browser :: chrome
2020-08-15 07:05:27 INFO  Driver:51 - Browser :: chrome
2020-08-15 07:05:38 INFO  Driver:51 - Browser :: chrome
2020-08-15 07:05:49 INFO  Driver:51 - Browser :: chrome
2020-08-15 07:05:56 INFO  Driver:51 - Browser :: chrome
2020-08-15 07:06:04 INFO  Driver:51 - Browser :: chrome
2020-08-15 07:06:11 INFO  Driver:51 - Browser :: chrome
2020-08-15 07:06:19 INFO  Driver:51 - Browser :: chrome
2020-08-15 07:24:34 INFO  Driver:51 - Browser :: chrome
2020-08-15 07:24:44 INFO  Login_Page:54 - Login with HR username and UserUser password
2020-08-15 07:24:45 INFO  Driver:51 - Browser :: chrome
2020-08-15 07:24:54 INFO  Login_Page:54 - Login with Helpdesk username and UserUser password
2020-08-15 07:24:55 INFO  Driver:51 - Browser :: chrome
2020-08-15 07:25:05 INFO  Login_Page:54 - Login with Marketing username and UserUser password
2020-08-15 07:25:05 INFO  Driver:51 - Browser :: chrome
2020-08-15 07:25:11 INFO  Login_Page:62 - Login with user@cybertekschool.com username and userUser password
2020-08-15 07:25:12 INFO  Login_Page:62 - Login with  username and  password
2020-08-15 07:25:13 INFO  Driver:51 - Browser :: chrome
2020-08-15 07:25:19 INFO  Login_Page:62 - Login with 23492349234&*&*& username and %^&%^&%^&%^& password
2020-08-15 07:25:20 INFO  Login_Page:62 - Login with  username and  password
2020-08-15 07:25:21 INFO  Driver:51 - Browser :: chrome
2020-08-15 07:25:27 INFO  Login_Page:62 - Login with @-23pjsdjojsdf username and 0000000 password
2020-08-15 07:25:28 INFO  Login_Page:62 - Login with  username and  password
2020-08-15 07:25:28 INFO  Driver:51 - Browser :: chrome
2020-08-15 07:25:35 INFO  Login_Page:62 - Login with -99999999 username and 99999999 password
2020-08-15 07:25:35 INFO  Login_Page:62 - Login with  username and  password
2020-08-15 07:25:36 INFO  Driver:51 - Browser :: chrome
2020-08-15 07:25:42 INFO  Login_Page:62 - Login with 0000000000 username and 00000000000 password
2020-08-15 07:25:43 INFO  Login_Page:62 - Login with  username and  password
